GAS LISTING /tmp/cc6xx484.s 			page 1


   1              		.file	"thread.cpp"
   2              		.option pic
   3              		.option norelax
   4              		.text
   5              	.Ltext0:
   6              		.align	2
   7              		.globl	_ZN3TCB7wrapperEv
   9              	_ZN3TCB7wrapperEv:
  10              	.LFB28:
  11              		.file 1 "src/thread.cpp"
   1:src/thread.cpp **** #include "../h/thread.hpp"
   2:src/thread.cpp **** #include "../h/Scheduler.hpp"
   3:src/thread.cpp **** 
   4:src/thread.cpp **** int TCB::id_count = 0;
   5:src/thread.cpp **** TCB* TCB::running = nullptr;
   6:src/thread.cpp **** time_t TCB::time_slice_count = 0;
   7:src/thread.cpp **** 
   8:src/thread.cpp **** TCB::TCB(routine_ptr fun, void *args, void *stack, Context c) : context(c) {
   9:src/thread.cpp ****     // poziva se iz _threadCreate gde je inicijalni kontekst formiran
  10:src/thread.cpp ****     id = id_count++;
  11:src/thread.cpp **** 
  12:src/thread.cpp ****     // !!! body = nullptr => stack = nullptr + skip Scheduler::put()
  13:src/thread.cpp **** 
  14:src/thread.cpp ****     routine = fun;
  15:src/thread.cpp ****     this->args = args;
  16:src/thread.cpp ****     this->stack = (uint64*)stack; // stack start address (allocated)
  17:src/thread.cpp ****     this->current_state = RUNNABLE;
  18:src/thread.cpp ****     this->next_ready = nullptr;
  19:src/thread.cpp ****     this->next_sleepy= nullptr;
  20:src/thread.cpp ****     this->time_on_sem = 0;
  21:src/thread.cpp ****     this->sleeping_time = 0;
  22:src/thread.cpp ****     this->time_slice = DEFAULT_TIME_SLICE; // add in constructor
  23:src/thread.cpp **** }
  24:src/thread.cpp **** 
  25:src/thread.cpp **** int TCB::_threadCreate(TCB** handle, routine_ptr routine, void *args, void *stack_space) {
  26:src/thread.cpp ****     Context context = {
  27:src/thread.cpp **** 
  28:src/thread.cpp ****             // initial context, starts from wrapper
  29:src/thread.cpp ****             // ra <= &wrapper, sp <= stack space + size (last used)
  30:src/thread.cpp **** 
  31:src/thread.cpp ****             (uint64)wrapper,
  32:src/thread.cpp ****             routine == nullptr ? 0 : (uint64)((char *)stack_space + DEFAULT_STACK_SIZE - 1)
  33:src/thread.cpp **** 
  34:src/thread.cpp ****             // handle == null -> main function thread, no need for new stack
  35:src/thread.cpp ****     };
  36:src/thread.cpp **** 
  37:src/thread.cpp ****     *handle = new TCB (routine, args, stack_space, context);
  38:src/thread.cpp ****     if (routine) Scheduler::put(*handle);
  39:src/thread.cpp ****     return 0;
  40:src/thread.cpp **** }
  41:src/thread.cpp **** 
  42:src/thread.cpp **** void TCB::wrapper() {
  12              		.loc 1 42 21
  13              		.cfi_startproc
  14 0000 130101FF 		addi	sp,sp,-16
  15              		.cfi_def_cfa_offset 16
  16 0004 23341100 		sd	ra,8(sp)
GAS LISTING /tmp/cc6xx484.s 			page 2


  17 0008 23308100 		sd	s0,0(sp)
  18              		.cfi_offset 1, -8
  19              		.cfi_offset 8, -16
  20 000c 13040101 		addi	s0,sp,16
  21              		.cfi_def_cfa 8, 0
  43:src/thread.cpp **** 
  44:src/thread.cpp ****     // spp  -> status previous privilege,
  45:src/thread.cpp ****     // spie -> status previous int enable
  46:src/thread.cpp **** 
  47:src/thread.cpp ****     // came from supervisor trap (s mode)
  48:src/thread.cpp ****     if ( running->routine ) {
  22              		.loc 1 48 5
  23              		.loc 1 48 19 is_stmt 0
  24 0010 97070000 		ld	a5,.LANCHOR0
  24      83B70700 
  25 0018 83B70703 		ld	a5,48(a5)
  26              		.loc 1 48 5
  27 001c 63800702 		beqz	a5,.L2
  49:src/thread.cpp ****         RISCV::popSppSpie();
  28              		.loc 1 49 9 is_stmt 1
  29              		.loc 1 49 26 is_stmt 0
  30 0020 97000000 		call	_ZN5RISCV10popSppSpieEv@plt
  30      E7800000 
  31              	.LVL0:
  50:src/thread.cpp ****         running->routine(running->args);
  32              		.loc 1 50 9 is_stmt 1
  33              		.loc 1 50 18 is_stmt 0
  34 0028 97070000 		ld	a5,.LANCHOR0
  34      83B70700 
  35 0030 03B70703 		ld	a4,48(a5)
  36              		.loc 1 50 25
  37 0034 03B58703 		ld	a0,56(a5)
  38 0038 E7000700 		jalr	a4
  39              	.LVL1:
  40              	.L2:
  51:src/thread.cpp ****         // in user mode IF not char-handler
  52:src/thread.cpp ****     }
  53:src/thread.cpp **** 
  54:src/thread.cpp ****     ::thread_exit();
  41              		.loc 1 54 5 is_stmt 1
  42              		.loc 1 54 18 is_stmt 0
  43 003c 97000000 		call	_Z11thread_exitv@plt
  43      E7800000 
  44              	.LVL2:
  55:src/thread.cpp ****     // no return address from wrapper
  56:src/thread.cpp **** }
  45              		.loc 1 56 1
  46 0044 83308100 		ld	ra,8(sp)
  47              		.cfi_restore 1
  48 0048 03340100 		ld	s0,0(sp)
  49              		.cfi_restore 8
  50              		.cfi_def_cfa 2, 16
  51 004c 13010101 		addi	sp,sp,16
  52              		.cfi_def_cfa_offset 0
  53 0050 67800000 		jr	ra
  54              		.cfi_endproc
  55              	.LFE28:
GAS LISTING /tmp/cc6xx484.s 			page 3


  57              		.align	2
  58              		.globl	_ZN3TCBC2EPFvPvES0_S0_NS_7ContextE
  60              	_ZN3TCBC2EPFvPvES0_S0_NS_7ContextE:
  61              	.LFB25:
   8:src/thread.cpp ****     // poziva se iz _threadCreate gde je inicijalni kontekst formiran
  62              		.loc 1 8 1 is_stmt 1
  63              		.cfi_startproc
  64              	.LVL3:
  65 0054 130101FF 		addi	sp,sp,-16
  66              		.cfi_def_cfa_offset 16
  67 0058 23348100 		sd	s0,8(sp)
  68              		.cfi_offset 8, -8
  69 005c 13040101 		addi	s0,sp,16
  70              		.cfi_def_cfa 8, 0
  71              	.LBB6:
   8:src/thread.cpp ****     // poziva se iz _threadCreate gde je inicijalni kontekst formiran
  72              		.loc 1 8 74 is_stmt 0
  73 0060 03330700 		ld	t1,0(a4)
  74 0064 83388700 		ld	a7,8(a4)
  75 0068 03380701 		ld	a6,16(a4)
  76 006c 83378701 		ld	a5,24(a4)
  77 0070 23346504 		sd	t1,72(a0)
  78 0074 23381505 		sd	a7,80(a0)
  79 0078 233C0505 		sd	a6,88(a0)
  80 007c 2330F506 		sd	a5,96(a0)
  10:src/thread.cpp **** 
  81              		.loc 1 10 5 is_stmt 1
  10:src/thread.cpp **** 
  82              		.loc 1 10 18 is_stmt 0
  83 0080 17070000 		lla	a4,.LANCHOR0
  83      13070700 
  84 0088 83278700 		lw	a5,8(a4)
  85 008c 1B881700 		addiw	a6,a5,1
  86 0090 23240701 		sw	a6,8(a4)
  10:src/thread.cpp **** 
  87              		.loc 1 10 8
  88 0094 2320F500 		sw	a5,0(a0)
  14:src/thread.cpp ****     this->args = args;
  89              		.loc 1 14 5 is_stmt 1
  14:src/thread.cpp ****     this->args = args;
  90              		.loc 1 14 13 is_stmt 0
  91 0098 2338B502 		sd	a1,48(a0)
  15:src/thread.cpp ****     this->stack = (uint64*)stack; // stack start address (allocated)
  92              		.loc 1 15 5 is_stmt 1
  15:src/thread.cpp ****     this->stack = (uint64*)stack; // stack start address (allocated)
  93              		.loc 1 15 16 is_stmt 0
  94 009c 233CC502 		sd	a2,56(a0)
  16:src/thread.cpp ****     this->current_state = RUNNABLE;
  95              		.loc 1 16 5 is_stmt 1
  16:src/thread.cpp ****     this->current_state = RUNNABLE;
  96              		.loc 1 16 17 is_stmt 0
  97 00a0 2330D504 		sd	a3,64(a0)
  17:src/thread.cpp ****     this->next_ready = nullptr;
  98              		.loc 1 17 5 is_stmt 1
  17:src/thread.cpp ****     this->next_ready = nullptr;
  99              		.loc 1 17 25 is_stmt 0
 100 00a4 23240506 		sw	zero,104(a0)
GAS LISTING /tmp/cc6xx484.s 			page 4


  18:src/thread.cpp ****     this->next_sleepy= nullptr;
 101              		.loc 1 18 5 is_stmt 1
  18:src/thread.cpp ****     this->next_sleepy= nullptr;
 102              		.loc 1 18 22 is_stmt 0
 103 00a8 23340500 		sd	zero,8(a0)
  19:src/thread.cpp ****     this->time_on_sem = 0;
 104              		.loc 1 19 5 is_stmt 1
  19:src/thread.cpp ****     this->time_on_sem = 0;
 105              		.loc 1 19 22 is_stmt 0
 106 00ac 23380500 		sd	zero,16(a0)
  20:src/thread.cpp ****     this->sleeping_time = 0;
 107              		.loc 1 20 5 is_stmt 1
  20:src/thread.cpp ****     this->sleeping_time = 0;
 108              		.loc 1 20 23 is_stmt 0
 109 00b0 233C0500 		sd	zero,24(a0)
  21:src/thread.cpp ****     this->time_slice = DEFAULT_TIME_SLICE; // add in constructor
 110              		.loc 1 21 5 is_stmt 1
  21:src/thread.cpp ****     this->time_slice = DEFAULT_TIME_SLICE; // add in constructor
 111              		.loc 1 21 25 is_stmt 0
 112 00b4 23300502 		sd	zero,32(a0)
  22:src/thread.cpp **** }
 113              		.loc 1 22 5 is_stmt 1
  22:src/thread.cpp **** }
 114              		.loc 1 22 22 is_stmt 0
 115 00b8 93072000 		li	a5,2
 116 00bc 2334F502 		sd	a5,40(a0)
 117              	.LBE6:
  23:src/thread.cpp **** 
 118              		.loc 1 23 1
 119 00c0 03348100 		ld	s0,8(sp)
 120              		.cfi_restore 8
 121              		.cfi_def_cfa 2, 16
 122 00c4 13010101 		addi	sp,sp,16
 123              		.cfi_def_cfa_offset 0
 124 00c8 67800000 		jr	ra
 125              		.cfi_endproc
 126              	.LFE25:
 128              		.globl	_ZN3TCBC1EPFvPvES0_S0_NS_7ContextE
 129              		.set	_ZN3TCBC1EPFvPvES0_S0_NS_7ContextE,_ZN3TCBC2EPFvPvES0_S0_NS_7ContextE
 130              		.align	2
 131              		.globl	_ZN3TCB5yieldEPS_S0_
 133              	_ZN3TCB5yieldEPS_S0_:
 134              	.LFB29:
  57:src/thread.cpp **** 
  58:src/thread.cpp **** void TCB::yield(TCB* oldRunning, TCB* newRunning) {
 135              		.loc 1 58 51 is_stmt 1
 136              		.cfi_startproc
 137              	.LVL4:
 138 00cc 130101FE 		addi	sp,sp,-32
 139              		.cfi_def_cfa_offset 32
 140 00d0 233C1100 		sd	ra,24(sp)
 141 00d4 23388100 		sd	s0,16(sp)
 142 00d8 23349100 		sd	s1,8(sp)
 143 00dc 23302101 		sd	s2,0(sp)
 144              		.cfi_offset 1, -8
 145              		.cfi_offset 8, -16
 146              		.cfi_offset 9, -24
GAS LISTING /tmp/cc6xx484.s 			page 5


 147              		.cfi_offset 18, -32
 148 00e0 13040102 		addi	s0,sp,32
 149              		.cfi_def_cfa 8, 0
 150 00e4 93040500 		mv	s1,a0
 151 00e8 13890500 		mv	s2,a1
  59:src/thread.cpp **** 
  60:src/thread.cpp ****     // async interrupts =>
  61:src/thread.cpp ****     // (1) save old context, registers
  62:src/thread.cpp ****     // (2) handle cause ( RISCV::supervisor_trap )
  63:src/thread.cpp **** 
  64:src/thread.cpp ****     // (3) possible context switch -> pop regs >>> YIELD
  65:src/thread.cpp **** 
  66:src/thread.cpp ****     RISCV::push_regs();
 152              		.loc 1 66 5
 153              		.loc 1 66 21 is_stmt 0
 154 00ec 97000000 		call	_ZN5RISCV9push_regsEv@plt
 154      E7800000 
 155              	.LVL5:
  67:src/thread.cpp ****     contextSwitch(&oldRunning->context, &newRunning->context);
 156              		.loc 1 67 5 is_stmt 1
 157              		.loc 1 67 18 is_stmt 0
 158 00f4 93058904 		addi	a1,s2,72
 159 00f8 13858404 		addi	a0,s1,72
 160 00fc 97000000 		call	_ZN3TCB13contextSwitchEPNS_7ContextES1_@plt
 160      E7800000 
 161              	.LVL6:
  68:src/thread.cpp ****     RISCV::pop_regs();
 162              		.loc 1 68 5 is_stmt 1
 163              		.loc 1 68 20 is_stmt 0
 164 0104 97000000 		call	_ZN5RISCV8pop_regsEv@plt
 164      E7800000 
 165              	.LVL7:
  69:src/thread.cpp **** }
 166              		.loc 1 69 1
 167 010c 83308101 		ld	ra,24(sp)
 168              		.cfi_restore 1
 169 0110 03340101 		ld	s0,16(sp)
 170              		.cfi_restore 8
 171              		.cfi_def_cfa 2, 32
 172 0114 83348100 		ld	s1,8(sp)
 173              		.cfi_restore 9
 174              	.LVL8:
 175 0118 03390100 		ld	s2,0(sp)
 176              		.cfi_restore 18
 177              	.LVL9:
 178 011c 13010102 		addi	sp,sp,32
 179              		.cfi_def_cfa_offset 0
 180 0120 67800000 		jr	ra
 181              		.cfi_endproc
 182              	.LFE29:
 184              		.align	2
 185              		.globl	_ZN3TCBnwEm
 187              	_ZN3TCBnwEm:
 188              	.LFB31:
  70:src/thread.cpp **** 
  71:src/thread.cpp **** void TCB::dispatch() {
  72:src/thread.cpp **** 
GAS LISTING /tmp/cc6xx484.s 			page 6


  73:src/thread.cpp ****     TCB *oldRunning = TCB::running;
  74:src/thread.cpp **** 
  75:src/thread.cpp ****     if ( isRunnable() ) Scheduler::put(oldRunning);
  76:src/thread.cpp **** 
  77:src/thread.cpp ****     if ( isFinished() ) {
  78:src/thread.cpp ****         MemoryAllocator::mem_free(TCB::running->stack);
  79:src/thread.cpp **** 
  80:src/thread.cpp ****     }
  81:src/thread.cpp **** 
  82:src/thread.cpp ****     time_slice_count = 0;
  83:src/thread.cpp ****     running = Scheduler::get();
  84:src/thread.cpp **** 
  85:src/thread.cpp ****     yield(oldRunning, running);
  86:src/thread.cpp **** }
  87:src/thread.cpp **** 
  88:src/thread.cpp **** void *TCB::operator new(size_t size) {
 189              		.loc 1 88 38 is_stmt 1
 190              		.cfi_startproc
 191              	.LVL10:
 192 0124 130101FF 		addi	sp,sp,-16
 193              		.cfi_def_cfa_offset 16
 194 0128 23341100 		sd	ra,8(sp)
 195 012c 23308100 		sd	s0,0(sp)
 196              		.cfi_offset 1, -8
 197              		.cfi_offset 8, -16
 198 0130 13040101 		addi	s0,sp,16
 199              		.cfi_def_cfa 8, 0
  89:src/thread.cpp ****     // mem alloc (Memory Allocator klasa) prima broj blokova
  90:src/thread.cpp ****     size_t blocks = (size + mem_h_size + MEM_BLOCK_SIZE - 1) / MEM_BLOCK_SIZE;
 200              		.loc 1 90 5
 201              		.loc 1 90 57 is_stmt 0
 202 0134 13057505 		addi	a0,a0,87
 203              	.LVL11:
  91:src/thread.cpp ****     return MemoryAllocator::mem_alloc(blocks);
 204              		.loc 1 91 5 is_stmt 1
 205              		.loc 1 91 38 is_stmt 0
 206 0138 13556500 		srli	a0,a0,6
 207              	.LVL12:
 208 013c 97000000 		call	_ZN15MemoryAllocator9mem_allocEm@plt
 208      E7800000 
 209              	.LVL13:
  92:src/thread.cpp **** }
 210              		.loc 1 92 1
 211 0144 83308100 		ld	ra,8(sp)
 212              		.cfi_restore 1
 213 0148 03340100 		ld	s0,0(sp)
 214              		.cfi_restore 8
 215              		.cfi_def_cfa 2, 16
 216 014c 13010101 		addi	sp,sp,16
 217              		.cfi_def_cfa_offset 0
 218 0150 67800000 		jr	ra
 219              		.cfi_endproc
 220              	.LFE31:
 222              		.align	2
 223              		.globl	_ZN3TCB13_threadCreateEPPS_PFvPvES2_S2_
 225              	_ZN3TCB13_threadCreateEPPS_PFvPvES2_S2_:
 226              	.LFB27:
GAS LISTING /tmp/cc6xx484.s 			page 7


  25:src/thread.cpp ****     Context context = {
 227              		.loc 1 25 90 is_stmt 1
 228              		.cfi_startproc
 229              	.LVL14:
 230 0154 130101F6 		addi	sp,sp,-160
 231              		.cfi_def_cfa_offset 160
 232 0158 233C1108 		sd	ra,152(sp)
 233 015c 23388108 		sd	s0,144(sp)
 234 0160 23349108 		sd	s1,136(sp)
 235 0164 23302109 		sd	s2,128(sp)
 236 0168 233C3107 		sd	s3,120(sp)
 237 016c 23384107 		sd	s4,112(sp)
 238 0170 23345107 		sd	s5,104(sp)
 239              		.cfi_offset 1, -8
 240              		.cfi_offset 8, -16
 241              		.cfi_offset 9, -24
 242              		.cfi_offset 18, -32
 243              		.cfi_offset 19, -40
 244              		.cfi_offset 20, -48
 245              		.cfi_offset 21, -56
 246 0174 1304010A 		addi	s0,sp,160
 247              		.cfi_def_cfa 8, 0
 248 0178 130A0500 		mv	s4,a0
 249 017c 93840500 		mv	s1,a1
 250 0180 930A0600 		mv	s5,a2
 251 0184 13890600 		mv	s2,a3
  26:src/thread.cpp **** 
 252              		.loc 1 26 5
  26:src/thread.cpp **** 
 253              		.loc 1 26 13 is_stmt 0
 254 0188 233804FA 		sd	zero,-80(s0)
 255 018c 233C04FA 		sd	zero,-72(s0)
 256 0190 97070000 		lla	a5,_ZN3TCB7wrapperEv
 256      93870700 
 257 0198 2330F4FA 		sd	a5,-96(s0)
  32:src/thread.cpp **** 
 258              		.loc 1 32 32
 259 019c 6388050A 		beqz	a1,.L13
  32:src/thread.cpp **** 
 260              		.loc 1 32 88 discriminator 1
 261 01a0 B7170000 		li	a5,4096
 262 01a4 9387F7FF 		addi	a5,a5,-1
 263 01a8 B387F600 		add	a5,a3,a5
 264              	.L11:
  37:src/thread.cpp ****     if (routine) Scheduler::put(*handle);
 265              		.loc 1 37 5 is_stmt 1
  37:src/thread.cpp ****     if (routine) Scheduler::put(*handle);
 266              		.loc 1 37 13 is_stmt 0
 267 01ac 033704FA 		ld	a4,-96(s0)
 268 01b0 2330E4F8 		sd	a4,-128(s0)
 269 01b4 2334F4F8 		sd	a5,-120(s0)
 270 01b8 833704FB 		ld	a5,-80(s0)
 271 01bc 2338F4F8 		sd	a5,-112(s0)
 272 01c0 833784FB 		ld	a5,-72(s0)
 273 01c4 233CF4F8 		sd	a5,-104(s0)
  37:src/thread.cpp ****     if (routine) Scheduler::put(*handle);
 274              		.loc 1 37 59
GAS LISTING /tmp/cc6xx484.s 			page 8


 275 01c8 13050007 		li	a0,112
 276              	.LVL15:
 277 01cc 97000000 		call	_ZN3TCBnwEm
 277      E7800000 
 278              	.LVL16:
 279 01d4 93090500 		mv	s3,a0
 280 01d8 833704F8 		ld	a5,-128(s0)
 281 01dc 2330F4F6 		sd	a5,-160(s0)
 282 01e0 833784F8 		ld	a5,-120(s0)
 283 01e4 2334F4F6 		sd	a5,-152(s0)
 284 01e8 833704F9 		ld	a5,-112(s0)
 285 01ec 2338F4F6 		sd	a5,-144(s0)
 286 01f0 833784F9 		ld	a5,-104(s0)
 287 01f4 233CF4F6 		sd	a5,-136(s0)
 288 01f8 130704F6 		addi	a4,s0,-160
 289 01fc 93060900 		mv	a3,s2
 290 0200 13860A00 		mv	a2,s5
 291 0204 93850400 		mv	a1,s1
 292 0208 97000000 		call	_ZN3TCBC1EPFvPvES0_S0_NS_7ContextE
 292      E7800000 
 293              	.LVL17:
  37:src/thread.cpp ****     if (routine) Scheduler::put(*handle);
 294              		.loc 1 37 13
 295 0210 23303A01 		sd	s3,0(s4)
  38:src/thread.cpp ****     return 0;
 296              		.loc 1 38 5 is_stmt 1
 297 0214 63880400 		beqz	s1,.L12
  38:src/thread.cpp ****     return 0;
 298              		.loc 1 38 18 discriminator 1
  38:src/thread.cpp ****     return 0;
 299              		.loc 1 38 32 is_stmt 0 discriminator 1
 300 0218 13850900 		mv	a0,s3
 301 021c 97000000 		call	_ZN9Scheduler3putEP3TCB@plt
 301      E7800000 
 302              	.LVL18:
 303              	.L12:
  39:src/thread.cpp **** }
 304              		.loc 1 39 5 is_stmt 1
  40:src/thread.cpp **** 
 305              		.loc 1 40 1 is_stmt 0
 306 0224 13050000 		li	a0,0
 307 0228 83308109 		ld	ra,152(sp)
 308              		.cfi_remember_state
 309              		.cfi_restore 1
 310 022c 03340109 		ld	s0,144(sp)
 311              		.cfi_restore 8
 312              		.cfi_def_cfa 2, 160
 313 0230 83348108 		ld	s1,136(sp)
 314              		.cfi_restore 9
 315              	.LVL19:
 316 0234 03390108 		ld	s2,128(sp)
 317              		.cfi_restore 18
 318              	.LVL20:
 319 0238 83398107 		ld	s3,120(sp)
 320              		.cfi_restore 19
 321 023c 033A0107 		ld	s4,112(sp)
 322              		.cfi_restore 20
GAS LISTING /tmp/cc6xx484.s 			page 9


 323              	.LVL21:
 324 0240 833A8106 		ld	s5,104(sp)
 325              		.cfi_restore 21
 326              	.LVL22:
 327 0244 1301010A 		addi	sp,sp,160
 328              		.cfi_def_cfa_offset 0
 329 0248 67800000 		jr	ra
 330              	.LVL23:
 331              	.L13:
 332              		.cfi_restore_state
  32:src/thread.cpp **** 
 333              		.loc 1 32 32
 334 024c 93070000 		li	a5,0
 335 0250 6FF0DFF5 		j	.L11
 336              		.cfi_endproc
 337              	.LFE27:
 339              		.align	2
 340              		.globl	_ZN3TCBdlEPv
 342              	_ZN3TCBdlEPv:
 343              	.LFB32:
  93:src/thread.cpp **** 
  94:src/thread.cpp **** void TCB::operator delete(void *ptr) {
 344              		.loc 1 94 38 is_stmt 1
 345              		.cfi_startproc
 346              	.LVL24:
 347 0254 130101FF 		addi	sp,sp,-16
 348              		.cfi_def_cfa_offset 16
 349 0258 23341100 		sd	ra,8(sp)
 350 025c 23308100 		sd	s0,0(sp)
 351              		.cfi_offset 1, -8
 352              		.cfi_offset 8, -16
 353 0260 13040101 		addi	s0,sp,16
 354              		.cfi_def_cfa 8, 0
  95:src/thread.cpp ****     MemoryAllocator::mem_free(ptr);
 355              		.loc 1 95 5
 356              		.loc 1 95 30 is_stmt 0
 357 0264 97000000 		call	_ZN15MemoryAllocator8mem_freeEPv@plt
 357      E7800000 
 358              	.LVL25:
  96:src/thread.cpp **** }
 359              		.loc 1 96 1
 360 026c 83308100 		ld	ra,8(sp)
 361              		.cfi_restore 1
 362 0270 03340100 		ld	s0,0(sp)
 363              		.cfi_restore 8
 364              		.cfi_def_cfa 2, 16
 365 0274 13010101 		addi	sp,sp,16
 366              		.cfi_def_cfa_offset 0
 367 0278 67800000 		jr	ra
 368              		.cfi_endproc
 369              	.LFE32:
 371              		.align	2
 372              		.globl	_ZN3TCB10isRunnableEv
 374              	_ZN3TCB10isRunnableEv:
 375              	.LFB33:
  97:src/thread.cpp **** 
  98:src/thread.cpp **** bool TCB::isRunnable() {
GAS LISTING /tmp/cc6xx484.s 			page 10


 376              		.loc 1 98 24 is_stmt 1
 377              		.cfi_startproc
 378 027c 130101FF 		addi	sp,sp,-16
 379              		.cfi_def_cfa_offset 16
 380 0280 23348100 		sd	s0,8(sp)
 381              		.cfi_offset 8, -8
 382 0284 13040101 		addi	s0,sp,16
 383              		.cfi_def_cfa 8, 0
  99:src/thread.cpp ****     return running->current_state == RUNNABLE; }
 384              		.loc 1 99 5
 385              		.loc 1 99 21 is_stmt 0
 386 0288 97070000 		ld	a5,.LANCHOR0
 386      83B70700 
 387 0290 03A58706 		lw	a0,104(a5)
 388              		.loc 1 99 48
 389 0294 13351500 		seqz	a0,a0
 390 0298 03348100 		ld	s0,8(sp)
 391              		.cfi_restore 8
 392              		.cfi_def_cfa 2, 16
 393 029c 13010101 		addi	sp,sp,16
 394              		.cfi_def_cfa_offset 0
 395 02a0 67800000 		jr	ra
 396              		.cfi_endproc
 397              	.LFE33:
 399              		.align	2
 400              		.globl	_ZN3TCB8dispatchEv
 402              	_ZN3TCB8dispatchEv:
 403              	.LFB30:
  71:src/thread.cpp **** 
 404              		.loc 1 71 22 is_stmt 1
 405              		.cfi_startproc
 406 02a4 130101FE 		addi	sp,sp,-32
 407              		.cfi_def_cfa_offset 32
 408 02a8 233C1100 		sd	ra,24(sp)
 409 02ac 23388100 		sd	s0,16(sp)
 410 02b0 23349100 		sd	s1,8(sp)
 411 02b4 23302101 		sd	s2,0(sp)
 412              		.cfi_offset 1, -8
 413              		.cfi_offset 8, -16
 414              		.cfi_offset 9, -24
 415              		.cfi_offset 18, -32
 416 02b8 13040102 		addi	s0,sp,32
 417              		.cfi_def_cfa 8, 0
  73:src/thread.cpp **** 
 418              		.loc 1 73 5
  73:src/thread.cpp **** 
 419              		.loc 1 73 10 is_stmt 0
 420 02bc 17090000 		ld	s2,.LANCHOR0
 420      03390900 
 421              	.LVL26:
  75:src/thread.cpp **** 
 422              		.loc 1 75 5 is_stmt 1
  75:src/thread.cpp **** 
 423              		.loc 1 75 20 is_stmt 0
 424 02c4 97000000 		call	_ZN3TCB10isRunnableEv
 424      E7800000 
 425              	.LVL27:
GAS LISTING /tmp/cc6xx484.s 			page 11


  75:src/thread.cpp **** 
 426              		.loc 1 75 5
 427 02cc 631C0504 		bnez	a0,.L23
 428              	.L20:
  77:src/thread.cpp ****         MemoryAllocator::mem_free(TCB::running->stack);
 429              		.loc 1 77 5 is_stmt 1
 430              	.LBB7:
 431              	.LBB8:
 432              		.file 2 "src/../h/thread.hpp"
   1:src/../h/thread.hpp **** //
   2:src/../h/thread.hpp **** // Created by os on 4/9/24.
   3:src/../h/thread.hpp **** //
   4:src/../h/thread.hpp **** 
   5:src/../h/thread.hpp **** #ifndef PROJECT_BASE_THREAD_HPP
   6:src/../h/thread.hpp **** #define PROJECT_BASE_THREAD_HPP
   7:src/../h/thread.hpp **** 
   8:src/../h/thread.hpp **** #include "../lib/hw.h"
   9:src/../h/thread.hpp **** #include "../h/Memoryallocator.hpp"
  10:src/../h/thread.hpp **** #include "../h/riscv.hpp"
  11:src/../h/thread.hpp **** #include "../h/syscall_c.h"
  12:src/../h/thread.hpp **** 
  13:src/../h/thread.hpp **** //extern void thread_dispatch();
  14:src/../h/thread.hpp **** 
  15:src/../h/thread.hpp **** using routine_ptr = void(*)(void *);
  16:src/../h/thread.hpp **** 
  17:src/../h/thread.hpp **** // _thread je wrapper ove klase
  18:src/../h/thread.hpp **** class TCB final {
  19:src/../h/thread.hpp **** 
  20:src/../h/thread.hpp ****     friend class RISCV;
  21:src/../h/thread.hpp ****     friend class Sem;
  22:src/../h/thread.hpp ****     friend class Scheduler;
  23:src/../h/thread.hpp **** 
  24:src/../h/thread.hpp **** public:
  25:src/../h/thread.hpp **** 
  26:src/../h/thread.hpp ****     static TCB* running; // current thread
  27:src/../h/thread.hpp **** 
  28:src/../h/thread.hpp ****     enum state {
  29:src/../h/thread.hpp ****         RUNNABLE,
  30:src/../h/thread.hpp ****         SLEEPING,
  31:src/../h/thread.hpp ****         CREATED,
  32:src/../h/thread.hpp ****         FINISHED,
  33:src/../h/thread.hpp ****         BLOCKED
  34:src/../h/thread.hpp ****     };
  35:src/../h/thread.hpp ****     struct Context {
  36:src/../h/thread.hpp ****         // nadogradi kasnije
  37:src/../h/thread.hpp ****         uint64 pc;
  38:src/../h/thread.hpp ****         uint64 sp;
  39:src/../h/thread.hpp ****         uint64 sstatus;
  40:src/../h/thread.hpp ****         uint64 sepc;
  41:src/../h/thread.hpp ****     };
  42:src/../h/thread.hpp **** 
  43:src/../h/thread.hpp ****     static int _threadCreate(TCB** handle, routine_ptr routine, void* args, void* stack_space); // 
  44:src/../h/thread.hpp **** 
  45:src/../h/thread.hpp ****     static void yield(TCB*, TCB*);
  46:src/../h/thread.hpp **** 
  47:src/../h/thread.hpp ****     static void dispatch();
  48:src/../h/thread.hpp **** 
GAS LISTING /tmp/cc6xx484.s 			page 12


  49:src/../h/thread.hpp ****     state getState() const {return current_state;}
  50:src/../h/thread.hpp ****     time_t getTimeSlice() const {return time_slice;}
  51:src/../h/thread.hpp **** 
  52:src/../h/thread.hpp ****     static bool isRunnable();
  53:src/../h/thread.hpp **** 
  54:src/../h/thread.hpp ****     static bool isFinished() {return TCB::running->current_state == state::FINISHED;}
 433              		.loc 2 54 31
 434              		.loc 2 54 52 is_stmt 0
 435 02d0 97070000 		ld	a5,.LANCHOR0
 435      83B70700 
 436 02d8 83A68706 		lw	a3,104(a5)
 437              	.LBE8:
 438              	.LBE7:
  77:src/thread.cpp ****         MemoryAllocator::mem_free(TCB::running->stack);
 439              		.loc 1 77 5
 440 02dc 13073000 		li	a4,3
 441 02e0 638AE604 		beq	a3,a4,.L24
 442              	.L21:
  82:src/thread.cpp ****     running = Scheduler::get();
 443              		.loc 1 82 5 is_stmt 1
  82:src/thread.cpp ****     running = Scheduler::get();
 444              		.loc 1 82 22 is_stmt 0
 445 02e4 97040000 		lla	s1,.LANCHOR0
 445      93840400 
 446 02ec 23B80400 		sd	zero,16(s1)
  83:src/thread.cpp **** 
 447              		.loc 1 83 5 is_stmt 1
  83:src/thread.cpp **** 
 448              		.loc 1 83 29 is_stmt 0
 449 02f0 97000000 		call	_ZN9Scheduler3getEv@plt
 449      E7800000 
 450              	.LVL28:
 451 02f8 93050500 		mv	a1,a0
  83:src/thread.cpp **** 
 452              		.loc 1 83 13
 453 02fc 23B0A400 		sd	a0,0(s1)
  85:src/thread.cpp **** }
 454              		.loc 1 85 5 is_stmt 1
  85:src/thread.cpp **** }
 455              		.loc 1 85 10 is_stmt 0
 456 0300 13050900 		mv	a0,s2
 457 0304 97000000 		call	_ZN3TCB5yieldEPS_S0_
 457      E7800000 
 458              	.LVL29:
  86:src/thread.cpp **** 
 459              		.loc 1 86 1
 460 030c 83308101 		ld	ra,24(sp)
 461              		.cfi_remember_state
 462              		.cfi_restore 1
 463 0310 03340101 		ld	s0,16(sp)
 464              		.cfi_restore 8
 465              		.cfi_def_cfa 2, 32
 466 0314 83348100 		ld	s1,8(sp)
 467              		.cfi_restore 9
 468 0318 03390100 		ld	s2,0(sp)
 469              		.cfi_restore 18
 470              	.LVL30:
GAS LISTING /tmp/cc6xx484.s 			page 13


 471 031c 13010102 		addi	sp,sp,32
 472              		.cfi_def_cfa_offset 0
 473 0320 67800000 		jr	ra
 474              	.LVL31:
 475              	.L23:
 476              		.cfi_restore_state
  75:src/thread.cpp **** 
 477              		.loc 1 75 25 is_stmt 1 discriminator 1
  75:src/thread.cpp **** 
 478              		.loc 1 75 39 is_stmt 0 discriminator 1
 479 0324 13050900 		mv	a0,s2
 480 0328 97000000 		call	_ZN9Scheduler3putEP3TCB@plt
 480      E7800000 
 481              	.LVL32:
 482 0330 6FF01FFA 		j	.L20
 483              	.L24:
  78:src/thread.cpp **** 
 484              		.loc 1 78 9 is_stmt 1
  78:src/thread.cpp **** 
 485              		.loc 1 78 34 is_stmt 0
 486 0334 03B50704 		ld	a0,64(a5)
 487 0338 97000000 		call	_ZN15MemoryAllocator8mem_freeEPv@plt
 487      E7800000 
 488              	.LVL33:
 489 0340 6FF05FFA 		j	.L21
 490              		.cfi_endproc
 491              	.LFE30:
 493              		.align	2
 494              		.globl	_ZN3TCB11_threadExitEv
 496              	_ZN3TCB11_threadExitEv:
 497              	.LFB34:
 100:src/thread.cpp **** 
 101:src/thread.cpp **** int TCB::_threadExit() {
 498              		.loc 1 101 24 is_stmt 1
 499              		.cfi_startproc
 500 0344 130101FF 		addi	sp,sp,-16
 501              		.cfi_def_cfa_offset 16
 502 0348 23341100 		sd	ra,8(sp)
 503 034c 23308100 		sd	s0,0(sp)
 504              		.cfi_offset 1, -8
 505              		.cfi_offset 8, -16
 506 0350 13040101 		addi	s0,sp,16
 507              		.cfi_def_cfa 8, 0
 102:src/thread.cpp ****     TCB::running -> finish();
 508              		.loc 1 102 5
 509              	.LVL34:
 510              	.LBB9:
 511              	.LBB10:
  55:src/../h/thread.hpp ****     void finish() { current_state = state::FINISHED; }
 512              		.loc 2 55 21
 513              		.loc 2 55 35 is_stmt 0
 514 0354 97070000 		ld	a5,.LANCHOR0
 514      83B70700 
 515 035c 13073000 		li	a4,3
 516 0360 23A4E706 		sw	a4,104(a5)
 517              	.LVL35:
 518              	.LBE10:
GAS LISTING /tmp/cc6xx484.s 			page 14


 519              	.LBE9:
 103:src/thread.cpp **** 
 104:src/thread.cpp ****     // check if semaphore signal needed ?
 105:src/thread.cpp ****     // don't put in Scheduler -> call yield only
 106:src/thread.cpp **** 
 107:src/thread.cpp ****     thread_dispatch();
 520              		.loc 1 107 5 is_stmt 1
 521              		.loc 1 107 20 is_stmt 0
 522 0364 97000000 		call	_Z15thread_dispatchv@plt
 522      E7800000 
 523              	.LVL36:
 108:src/thread.cpp **** 
 109:src/thread.cpp ****     return 0;
 524              		.loc 1 109 5 is_stmt 1
 110:src/thread.cpp **** }
 525              		.loc 1 110 1 is_stmt 0
 526 036c 13050000 		li	a0,0
 527 0370 83308100 		ld	ra,8(sp)
 528              		.cfi_restore 1
 529 0374 03340100 		ld	s0,0(sp)
 530              		.cfi_restore 8
 531              		.cfi_def_cfa 2, 16
 532 0378 13010101 		addi	sp,sp,16
 533              		.cfi_def_cfa_offset 0
 534 037c 67800000 		jr	ra
 535              		.cfi_endproc
 536              	.LFE34:
 538              		.globl	_ZN3TCB16time_slice_countE
 539              		.globl	_ZN3TCB7runningE
 540              		.globl	_ZN3TCB8id_countE
 541              		.bss
 542              		.align	3
 543              		.set	.LANCHOR0,. + 0
 546              	_ZN3TCB7runningE:
 547 0000 00000000 		.zero	8
 547      00000000 
 550              	_ZN3TCB8id_countE:
 551 0008 00000000 		.zero	4
 552 000c 00000000 		.zero	4
 555              	_ZN3TCB16time_slice_countE:
 556 0010 00000000 		.zero	8
 556      00000000 
 557              		.text
 558              	.Letext0:
 559              		.file 3 "src/../h/../lib/hw.h"
 560              		.file 4 "src/../h/../h/Memoryallocator.hpp"
 561              		.file 5 "src/../h/../h/riscv.hpp"
 562              		.file 6 "src/../h/Scheduler.hpp"
 563              		.file 7 "src/../h/../h/syscall_c.h"
GAS LISTING /tmp/cc6xx484.s 			page 15


DEFINED SYMBOLS
                            *ABS*:0000000000000000 thread.cpp
     /tmp/cc6xx484.s:9      .text:0000000000000000 _ZN3TCB7wrapperEv
     /tmp/cc6xx484.s:13     .text:0000000000000000 .L0 
     /tmp/cc6xx484.s:14     .text:0000000000000000 .L0 
     /tmp/cc6xx484.s:15     .text:0000000000000004 .L0 
     /tmp/cc6xx484.s:18     .text:000000000000000c .L0 
     /tmp/cc6xx484.s:19     .text:000000000000000c .L0 
     /tmp/cc6xx484.s:21     .text:0000000000000010 .L0 
     /tmp/cc6xx484.s:23     .text:0000000000000010 .L0 
     /tmp/cc6xx484.s:24     .text:0000000000000010 .L0 
     /tmp/cc6xx484.s:27     .text:000000000000001c .L0 
     /tmp/cc6xx484.s:29     .text:0000000000000020 .L0 
     /tmp/cc6xx484.s:30     .text:0000000000000020 .L0 
     /tmp/cc6xx484.s:33     .text:0000000000000028 .L0 
     /tmp/cc6xx484.s:34     .text:0000000000000028 .L0 
     /tmp/cc6xx484.s:37     .text:0000000000000034 .L0 
     /tmp/cc6xx484.s:42     .text:000000000000003c .L0 
     /tmp/cc6xx484.s:43     .text:000000000000003c .L0 
     /tmp/cc6xx484.s:46     .text:0000000000000044 .L0 
     /tmp/cc6xx484.s:47     .text:0000000000000048 .L0 
     /tmp/cc6xx484.s:49     .text:000000000000004c .L0 
     /tmp/cc6xx484.s:50     .text:000000000000004c .L0 
     /tmp/cc6xx484.s:52     .text:0000000000000050 .L0 
     /tmp/cc6xx484.s:54     .text:0000000000000054 .L0 
     /tmp/cc6xx484.s:60     .text:0000000000000054 _ZN3TCBC2EPFvPvES0_S0_NS_7ContextE
     /tmp/cc6xx484.s:63     .text:0000000000000054 .L0 
     /tmp/cc6xx484.s:65     .text:0000000000000054 .L0 
     /tmp/cc6xx484.s:66     .text:0000000000000058 .L0 
     /tmp/cc6xx484.s:68     .text:000000000000005c .L0 
     /tmp/cc6xx484.s:70     .text:0000000000000060 .L0 
     /tmp/cc6xx484.s:73     .text:0000000000000060 .L0 
     /tmp/cc6xx484.s:82     .text:0000000000000080 .L0 
     /tmp/cc6xx484.s:83     .text:0000000000000080 .L0 
     /tmp/cc6xx484.s:88     .text:0000000000000094 .L0 
     /tmp/cc6xx484.s:90     .text:0000000000000098 .L0 
     /tmp/cc6xx484.s:91     .text:0000000000000098 .L0 
     /tmp/cc6xx484.s:93     .text:000000000000009c .L0 
     /tmp/cc6xx484.s:94     .text:000000000000009c .L0 
     /tmp/cc6xx484.s:96     .text:00000000000000a0 .L0 
     /tmp/cc6xx484.s:97     .text:00000000000000a0 .L0 
     /tmp/cc6xx484.s:99     .text:00000000000000a4 .L0 
     /tmp/cc6xx484.s:100    .text:00000000000000a4 .L0 
     /tmp/cc6xx484.s:102    .text:00000000000000a8 .L0 
     /tmp/cc6xx484.s:103    .text:00000000000000a8 .L0 
     /tmp/cc6xx484.s:105    .text:00000000000000ac .L0 
     /tmp/cc6xx484.s:106    .text:00000000000000ac .L0 
     /tmp/cc6xx484.s:108    .text:00000000000000b0 .L0 
     /tmp/cc6xx484.s:109    .text:00000000000000b0 .L0 
     /tmp/cc6xx484.s:111    .text:00000000000000b4 .L0 
     /tmp/cc6xx484.s:112    .text:00000000000000b4 .L0 
     /tmp/cc6xx484.s:114    .text:00000000000000b8 .L0 
     /tmp/cc6xx484.s:115    .text:00000000000000b8 .L0 
     /tmp/cc6xx484.s:119    .text:00000000000000c0 .L0 
     /tmp/cc6xx484.s:120    .text:00000000000000c4 .L0 
     /tmp/cc6xx484.s:121    .text:00000000000000c4 .L0 
     /tmp/cc6xx484.s:123    .text:00000000000000c8 .L0 
GAS LISTING /tmp/cc6xx484.s 			page 16


     /tmp/cc6xx484.s:125    .text:00000000000000cc .L0 
     /tmp/cc6xx484.s:60     .text:0000000000000054 _ZN3TCBC1EPFvPvES0_S0_NS_7ContextE
     /tmp/cc6xx484.s:133    .text:00000000000000cc _ZN3TCB5yieldEPS_S0_
     /tmp/cc6xx484.s:136    .text:00000000000000cc .L0 
     /tmp/cc6xx484.s:138    .text:00000000000000cc .L0 
     /tmp/cc6xx484.s:139    .text:00000000000000d0 .L0 
     /tmp/cc6xx484.s:144    .text:00000000000000e0 .L0 
     /tmp/cc6xx484.s:145    .text:00000000000000e0 .L0 
     /tmp/cc6xx484.s:146    .text:00000000000000e0 .L0 
     /tmp/cc6xx484.s:147    .text:00000000000000e0 .L0 
     /tmp/cc6xx484.s:149    .text:00000000000000e4 .L0 
     /tmp/cc6xx484.s:153    .text:00000000000000ec .L0 
     /tmp/cc6xx484.s:154    .text:00000000000000ec .L0 
     /tmp/cc6xx484.s:157    .text:00000000000000f4 .L0 
     /tmp/cc6xx484.s:158    .text:00000000000000f4 .L0 
     /tmp/cc6xx484.s:163    .text:0000000000000104 .L0 
     /tmp/cc6xx484.s:164    .text:0000000000000104 .L0 
     /tmp/cc6xx484.s:167    .text:000000000000010c .L0 
     /tmp/cc6xx484.s:168    .text:0000000000000110 .L0 
     /tmp/cc6xx484.s:170    .text:0000000000000114 .L0 
     /tmp/cc6xx484.s:171    .text:0000000000000114 .L0 
     /tmp/cc6xx484.s:173    .text:0000000000000118 .L0 
     /tmp/cc6xx484.s:176    .text:000000000000011c .L0 
     /tmp/cc6xx484.s:179    .text:0000000000000120 .L0 
     /tmp/cc6xx484.s:181    .text:0000000000000124 .L0 
     /tmp/cc6xx484.s:187    .text:0000000000000124 _ZN3TCBnwEm
     /tmp/cc6xx484.s:190    .text:0000000000000124 .L0 
     /tmp/cc6xx484.s:192    .text:0000000000000124 .L0 
     /tmp/cc6xx484.s:193    .text:0000000000000128 .L0 
     /tmp/cc6xx484.s:196    .text:0000000000000130 .L0 
     /tmp/cc6xx484.s:197    .text:0000000000000130 .L0 
     /tmp/cc6xx484.s:199    .text:0000000000000134 .L0 
     /tmp/cc6xx484.s:201    .text:0000000000000134 .L0 
     /tmp/cc6xx484.s:202    .text:0000000000000134 .L0 
     /tmp/cc6xx484.s:205    .text:0000000000000138 .L0 
     /tmp/cc6xx484.s:206    .text:0000000000000138 .L0 
     /tmp/cc6xx484.s:211    .text:0000000000000144 .L0 
     /tmp/cc6xx484.s:212    .text:0000000000000148 .L0 
     /tmp/cc6xx484.s:214    .text:000000000000014c .L0 
     /tmp/cc6xx484.s:215    .text:000000000000014c .L0 
     /tmp/cc6xx484.s:217    .text:0000000000000150 .L0 
     /tmp/cc6xx484.s:219    .text:0000000000000154 .L0 
     /tmp/cc6xx484.s:225    .text:0000000000000154 _ZN3TCB13_threadCreateEPPS_PFvPvES2_S2_
     /tmp/cc6xx484.s:228    .text:0000000000000154 .L0 
     /tmp/cc6xx484.s:230    .text:0000000000000154 .L0 
     /tmp/cc6xx484.s:231    .text:0000000000000158 .L0 
     /tmp/cc6xx484.s:239    .text:0000000000000174 .L0 
     /tmp/cc6xx484.s:240    .text:0000000000000174 .L0 
     /tmp/cc6xx484.s:241    .text:0000000000000174 .L0 
     /tmp/cc6xx484.s:242    .text:0000000000000174 .L0 
     /tmp/cc6xx484.s:243    .text:0000000000000174 .L0 
     /tmp/cc6xx484.s:244    .text:0000000000000174 .L0 
     /tmp/cc6xx484.s:245    .text:0000000000000174 .L0 
     /tmp/cc6xx484.s:247    .text:0000000000000178 .L0 
     /tmp/cc6xx484.s:253    .text:0000000000000188 .L0 
     /tmp/cc6xx484.s:254    .text:0000000000000188 .L0 
     /tmp/cc6xx484.s:259    .text:000000000000019c .L0 
GAS LISTING /tmp/cc6xx484.s 			page 17


     /tmp/cc6xx484.s:261    .text:00000000000001a0 .L0 
     /tmp/cc6xx484.s:266    .text:00000000000001ac .L0 
     /tmp/cc6xx484.s:267    .text:00000000000001ac .L0 
     /tmp/cc6xx484.s:275    .text:00000000000001c8 .L0 
     /tmp/cc6xx484.s:295    .text:0000000000000210 .L0 
     /tmp/cc6xx484.s:297    .text:0000000000000214 .L0 
     /tmp/cc6xx484.s:299    .text:0000000000000218 .L0 
     /tmp/cc6xx484.s:300    .text:0000000000000218 .L0 
     /tmp/cc6xx484.s:305    .text:0000000000000224 .L0 
     /tmp/cc6xx484.s:306    .text:0000000000000224 .L0 
     /tmp/cc6xx484.s:308    .text:000000000000022c .L0 
     /tmp/cc6xx484.s:309    .text:000000000000022c .L0 
     /tmp/cc6xx484.s:311    .text:0000000000000230 .L0 
     /tmp/cc6xx484.s:312    .text:0000000000000230 .L0 
     /tmp/cc6xx484.s:314    .text:0000000000000234 .L0 
     /tmp/cc6xx484.s:317    .text:0000000000000238 .L0 
     /tmp/cc6xx484.s:320    .text:000000000000023c .L0 
     /tmp/cc6xx484.s:322    .text:0000000000000240 .L0 
     /tmp/cc6xx484.s:325    .text:0000000000000244 .L0 
     /tmp/cc6xx484.s:328    .text:0000000000000248 .L0 
     /tmp/cc6xx484.s:332    .text:000000000000024c .L0 
     /tmp/cc6xx484.s:334    .text:000000000000024c .L0 
     /tmp/cc6xx484.s:336    .text:0000000000000254 .L0 
     /tmp/cc6xx484.s:342    .text:0000000000000254 _ZN3TCBdlEPv
     /tmp/cc6xx484.s:345    .text:0000000000000254 .L0 
     /tmp/cc6xx484.s:347    .text:0000000000000254 .L0 
     /tmp/cc6xx484.s:348    .text:0000000000000258 .L0 
     /tmp/cc6xx484.s:351    .text:0000000000000260 .L0 
     /tmp/cc6xx484.s:352    .text:0000000000000260 .L0 
     /tmp/cc6xx484.s:354    .text:0000000000000264 .L0 
     /tmp/cc6xx484.s:356    .text:0000000000000264 .L0 
     /tmp/cc6xx484.s:357    .text:0000000000000264 .L0 
     /tmp/cc6xx484.s:360    .text:000000000000026c .L0 
     /tmp/cc6xx484.s:361    .text:0000000000000270 .L0 
     /tmp/cc6xx484.s:363    .text:0000000000000274 .L0 
     /tmp/cc6xx484.s:364    .text:0000000000000274 .L0 
     /tmp/cc6xx484.s:366    .text:0000000000000278 .L0 
     /tmp/cc6xx484.s:368    .text:000000000000027c .L0 
     /tmp/cc6xx484.s:374    .text:000000000000027c _ZN3TCB10isRunnableEv
     /tmp/cc6xx484.s:377    .text:000000000000027c .L0 
     /tmp/cc6xx484.s:378    .text:000000000000027c .L0 
     /tmp/cc6xx484.s:379    .text:0000000000000280 .L0 
     /tmp/cc6xx484.s:381    .text:0000000000000284 .L0 
     /tmp/cc6xx484.s:383    .text:0000000000000288 .L0 
     /tmp/cc6xx484.s:385    .text:0000000000000288 .L0 
     /tmp/cc6xx484.s:386    .text:0000000000000288 .L0 
     /tmp/cc6xx484.s:389    .text:0000000000000294 .L0 
     /tmp/cc6xx484.s:391    .text:000000000000029c .L0 
     /tmp/cc6xx484.s:392    .text:000000000000029c .L0 
     /tmp/cc6xx484.s:394    .text:00000000000002a0 .L0 
     /tmp/cc6xx484.s:396    .text:00000000000002a4 .L0 
     /tmp/cc6xx484.s:402    .text:00000000000002a4 _ZN3TCB8dispatchEv
     /tmp/cc6xx484.s:405    .text:00000000000002a4 .L0 
     /tmp/cc6xx484.s:406    .text:00000000000002a4 .L0 
     /tmp/cc6xx484.s:407    .text:00000000000002a8 .L0 
     /tmp/cc6xx484.s:412    .text:00000000000002b8 .L0 
     /tmp/cc6xx484.s:413    .text:00000000000002b8 .L0 
GAS LISTING /tmp/cc6xx484.s 			page 18


     /tmp/cc6xx484.s:414    .text:00000000000002b8 .L0 
     /tmp/cc6xx484.s:415    .text:00000000000002b8 .L0 
     /tmp/cc6xx484.s:417    .text:00000000000002bc .L0 
     /tmp/cc6xx484.s:419    .text:00000000000002bc .L0 
     /tmp/cc6xx484.s:420    .text:00000000000002bc .L0 
     /tmp/cc6xx484.s:423    .text:00000000000002c4 .L0 
     /tmp/cc6xx484.s:424    .text:00000000000002c4 .L0 
     /tmp/cc6xx484.s:427    .text:00000000000002cc .L0 
     /tmp/cc6xx484.s:433    .text:00000000000002d0 .L0 
     /tmp/cc6xx484.s:434    .text:00000000000002d0 .L0 
     /tmp/cc6xx484.s:435    .text:00000000000002d0 .L0 
     /tmp/cc6xx484.s:440    .text:00000000000002dc .L0 
     /tmp/cc6xx484.s:444    .text:00000000000002e4 .L0 
     /tmp/cc6xx484.s:445    .text:00000000000002e4 .L0 
     /tmp/cc6xx484.s:448    .text:00000000000002f0 .L0 
     /tmp/cc6xx484.s:449    .text:00000000000002f0 .L0 
     /tmp/cc6xx484.s:453    .text:00000000000002fc .L0 
     /tmp/cc6xx484.s:455    .text:0000000000000300 .L0 
     /tmp/cc6xx484.s:456    .text:0000000000000300 .L0 
     /tmp/cc6xx484.s:460    .text:000000000000030c .L0 
     /tmp/cc6xx484.s:461    .text:0000000000000310 .L0 
     /tmp/cc6xx484.s:462    .text:0000000000000310 .L0 
     /tmp/cc6xx484.s:464    .text:0000000000000314 .L0 
     /tmp/cc6xx484.s:465    .text:0000000000000314 .L0 
     /tmp/cc6xx484.s:467    .text:0000000000000318 .L0 
     /tmp/cc6xx484.s:469    .text:000000000000031c .L0 
     /tmp/cc6xx484.s:472    .text:0000000000000320 .L0 
     /tmp/cc6xx484.s:476    .text:0000000000000324 .L0 
     /tmp/cc6xx484.s:478    .text:0000000000000324 .L0 
     /tmp/cc6xx484.s:479    .text:0000000000000324 .L0 
     /tmp/cc6xx484.s:485    .text:0000000000000334 .L0 
     /tmp/cc6xx484.s:486    .text:0000000000000334 .L0 
     /tmp/cc6xx484.s:490    .text:0000000000000344 .L0 
     /tmp/cc6xx484.s:496    .text:0000000000000344 _ZN3TCB11_threadExitEv
     /tmp/cc6xx484.s:499    .text:0000000000000344 .L0 
     /tmp/cc6xx484.s:500    .text:0000000000000344 .L0 
     /tmp/cc6xx484.s:501    .text:0000000000000348 .L0 
     /tmp/cc6xx484.s:504    .text:0000000000000350 .L0 
     /tmp/cc6xx484.s:505    .text:0000000000000350 .L0 
     /tmp/cc6xx484.s:507    .text:0000000000000354 .L0 
     /tmp/cc6xx484.s:512    .text:0000000000000354 .L0 
     /tmp/cc6xx484.s:513    .text:0000000000000354 .L0 
     /tmp/cc6xx484.s:514    .text:0000000000000354 .L0 
     /tmp/cc6xx484.s:521    .text:0000000000000364 .L0 
     /tmp/cc6xx484.s:522    .text:0000000000000364 .L0 
     /tmp/cc6xx484.s:525    .text:000000000000036c .L0 
     /tmp/cc6xx484.s:526    .text:000000000000036c .L0 
     /tmp/cc6xx484.s:528    .text:0000000000000374 .L0 
     /tmp/cc6xx484.s:530    .text:0000000000000378 .L0 
     /tmp/cc6xx484.s:531    .text:0000000000000378 .L0 
     /tmp/cc6xx484.s:533    .text:000000000000037c .L0 
     /tmp/cc6xx484.s:535    .text:0000000000000380 .L0 
     /tmp/cc6xx484.s:555    .bss:0000000000000010 _ZN3TCB16time_slice_countE
     /tmp/cc6xx484.s:546    .bss:0000000000000000 _ZN3TCB7runningE
     /tmp/cc6xx484.s:550    .bss:0000000000000008 _ZN3TCB8id_countE
     /tmp/cc6xx484.s:543    .bss:0000000000000000 .LANCHOR0
     /tmp/cc6xx484.s:564    .text:0000000000000380 .L0 
GAS LISTING /tmp/cc6xx484.s 			page 19


     /tmp/cc6xx484.s:24     .text:0000000000000010 .L0 
     /tmp/cc6xx484.s:34     .text:0000000000000028 .L0 
     /tmp/cc6xx484.s:83     .text:0000000000000080 .L0 
     /tmp/cc6xx484.s:256    .text:0000000000000190 .L0 
     /tmp/cc6xx484.s:386    .text:0000000000000288 .L0 
     /tmp/cc6xx484.s:420    .text:00000000000002bc .L0 
     /tmp/cc6xx484.s:435    .text:00000000000002d0 .L0 
     /tmp/cc6xx484.s:445    .text:00000000000002e4 .L0 
     /tmp/cc6xx484.s:514    .text:0000000000000354 .L0 
     /tmp/cc6xx484.s:40     .text:000000000000003c .L2
     /tmp/cc6xx484.s:331    .text:000000000000024c .L13
     /tmp/cc6xx484.s:303    .text:0000000000000224 .L12
     /tmp/cc6xx484.s:264    .text:00000000000001ac .L11
     /tmp/cc6xx484.s:475    .text:0000000000000324 .L23
     /tmp/cc6xx484.s:483    .text:0000000000000334 .L24
     /tmp/cc6xx484.s:428    .text:00000000000002d0 .L20
     /tmp/cc6xx484.s:442    .text:00000000000002e4 .L21
     /tmp/cc6xx484.s:2060   .debug_abbrev:0000000000000000 .Ldebug_abbrev0
     /tmp/cc6xx484.s:3708   .debug_str:0000000000000847 .LASF170
     /tmp/cc6xx484.s:3728   .debug_str:0000000000000989 .LASF171
     /tmp/cc6xx484.s:3526   .debug_str:00000000000002e7 .LASF172
     /tmp/cc6xx484.s:5      .text:0000000000000000 .Ltext0
     /tmp/cc6xx484.s:558    .text:0000000000000380 .Letext0
     /tmp/cc6xx484.s:3426   .debug_line:0000000000000000 .Ldebug_line0
     /tmp/cc6xx484.s:3542   .debug_str:000000000000037b .LASF0
     /tmp/cc6xx484.s:3566   .debug_str:000000000000040b .LASF1
     /tmp/cc6xx484.s:3660   .debug_str:00000000000006d0 .LASF2
     /tmp/cc6xx484.s:3668   .debug_str:000000000000073a .LASF4
     /tmp/cc6xx484.s:3548   .debug_str:00000000000003a2 .LASF3
     /tmp/cc6xx484.s:3434   .debug_str:000000000000003a .LASF5
     /tmp/cc6xx484.s:3636   .debug_str:0000000000000644 .LASF6
     /tmp/cc6xx484.s:3630   .debug_str:0000000000000606 .LASF7
     /tmp/cc6xx484.s:3554   .debug_str:00000000000003ca .LASF8
     /tmp/cc6xx484.s:3524   .debug_str:00000000000002d7 .LASF9
     /tmp/cc6xx484.s:3534   .debug_str:0000000000000337 .LASF10
     /tmp/cc6xx484.s:3468   .debug_str:000000000000013c .LASF11
     /tmp/cc6xx484.s:3514   .debug_str:00000000000002a8 .LASF12
     /tmp/cc6xx484.s:3482   .debug_str:00000000000001af .LASF13
     /tmp/cc6xx484.s:3466   .debug_str:000000000000012c .LASF14
     /tmp/cc6xx484.s:3692   .debug_str:00000000000007dc .LASF15
     /tmp/cc6xx484.s:3508   .debug_str:0000000000000263 .LASF16
     /tmp/cc6xx484.s:3686   .debug_str:00000000000007a2 .LASF17
     /tmp/cc6xx484.s:3624   .debug_str:00000000000005b6 .LASF21
     /tmp/cc6xx484.s:3460   .debug_str:0000000000000102 .LASF85
     /tmp/cc6xx484.s:3470   .debug_str:000000000000014b .LASF18
     /tmp/cc6xx484.s:3444   .debug_str:000000000000009b .LASF19
     /tmp/cc6xx484.s:3564   .debug_str:0000000000000406 .LASF20
     /tmp/cc6xx484.s:3442   .debug_str:0000000000000082 .LASF22
     /tmp/cc6xx484.s:3684   .debug_str:0000000000000787 .LASF23
     /tmp/cc6xx484.s:3746   .debug_str:0000000000000a1f .LASF97
     /tmp/cc6xx484.s:3762   .debug_str:0000000000000a7e .LASF99
     /tmp/cc6xx484.s:3704   .debug_str:0000000000000831 .LASF24
     /tmp/cc6xx484.s:3440   .debug_str:0000000000000074 .LASF25
     /tmp/cc6xx484.s:3546   .debug_str:0000000000000398 .LASF46
     /tmp/cc6xx484.s:3666   .debug_str:0000000000000708 .LASF48
     /tmp/cc6xx484.s:3734   .debug_str:00000000000009c6 .LASF89
     /tmp/cc6xx484.s:3596   .debug_str:00000000000004f4 .LASF42
GAS LISTING /tmp/cc6xx484.s 			page 20


     /tmp/cc6xx484.s:3628   .debug_str:00000000000005e1 .LASF44
     /tmp/cc6xx484.s:3600   .debug_str:000000000000050c .LASF26
     /tmp/cc6xx484.s:3436   .debug_str:0000000000000041 .LASF27
     /tmp/cc6xx484.s:3698   .debug_str:0000000000000808 .LASF28
     /tmp/cc6xx484.s:3602   .debug_str:0000000000000516 .LASF29
     /tmp/cc6xx484.s:3428   .debug_str:0000000000000000 .LASF32
     /tmp/cc6xx484.s:3452   .debug_str:00000000000000c4 .LASF34
     /tmp/cc6xx484.s:3640   .debug_str:0000000000000653 .LASF30
     /tmp/cc6xx484.s:3754   .debug_str:0000000000000a46 .LASF31
     /tmp/cc6xx484.s:3490   .debug_str:00000000000001ea .LASF33
     /tmp/cc6xx484.s:3656   .debug_str:00000000000006a2 .LASF35
     /tmp/cc6xx484.s:3498   .debug_str:0000000000000211 .LASF36
     /tmp/cc6xx484.s:3662   .debug_str:00000000000006de .LASF37
     /tmp/cc6xx484.s:3456   .debug_str:00000000000000ea .LASF38
     /tmp/cc6xx484.s:3726   .debug_str:0000000000000973 .LASF39
     /tmp/cc6xx484.s:3532   .debug_str:000000000000032e .LASF40
     /tmp/cc6xx484.s:3758   .debug_str:0000000000000a62 .LASF41
     /tmp/cc6xx484.s:3654   .debug_str:0000000000000698 .LASF43
     /tmp/cc6xx484.s:3782   .debug_str:0000000000000b5d .LASF45
     /tmp/cc6xx484.s:3696   .debug_str:00000000000007fe .LASF47
     /tmp/cc6xx484.s:3634   .debug_str:000000000000062e .LASF49
     /tmp/cc6xx484.s:3742   .debug_str:0000000000000a03 .LASF50
     /tmp/cc6xx484.s:3744   .debug_str:0000000000000a0b .LASF51
     /tmp/cc6xx484.s:3674   .debug_str:000000000000074f .LASF52
     /tmp/cc6xx484.s:3780   .debug_str:0000000000000b49 .LASF53
     /tmp/cc6xx484.s:3462   .debug_str:000000000000010e .LASF54
     /tmp/cc6xx484.s:3772   .debug_str:0000000000000af8 .LASF55
     /tmp/cc6xx484.s:3576   .debug_str:000000000000044b .LASF56
     /tmp/cc6xx484.s:3702   .debug_str:000000000000081c .LASF57
     /tmp/cc6xx484.s:3642   .debug_str:000000000000065e .LASF58
     /tmp/cc6xx484.s:3582   .debug_str:0000000000000482 .LASF59
     /tmp/cc6xx484.s:3748   .debug_str:0000000000000a2a .LASF60
     /tmp/cc6xx484.s:3632   .debug_str:0000000000000619 .LASF61
     /tmp/cc6xx484.s:3614   .debug_str:0000000000000579 .LASF62
     /tmp/cc6xx484.s:3590   .debug_str:00000000000004c9 .LASF63
     /tmp/cc6xx484.s:3510   .debug_str:0000000000000279 .LASF64
     /tmp/cc6xx484.s:3690   .debug_str:00000000000007c9 .LASF65
     /tmp/cc6xx484.s:3718   .debug_str:0000000000000943 .LASF66
     /tmp/cc6xx484.s:3480   .debug_str:0000000000000197 .LASF67
     /tmp/cc6xx484.s:3752   .debug_str:0000000000000a3b .LASF68
     /tmp/cc6xx484.s:3732   .debug_str:00000000000009ae .LASF69
     /tmp/cc6xx484.s:3552   .debug_str:00000000000003c0 .LASF70
     /tmp/cc6xx484.s:3730   .debug_str:0000000000000998 .LASF71
     /tmp/cc6xx484.s:3714   .debug_str:0000000000000927 .LASF72
     /tmp/cc6xx484.s:3716   .debug_str:000000000000092f .LASF73
     /tmp/cc6xx484.s:3488   .debug_str:00000000000001de .LASF74
     /tmp/cc6xx484.s:3770   .debug_str:0000000000000adf .LASF75
     /tmp/cc6xx484.s:3646   .debug_str:0000000000000677 .LASF76
     /tmp/cc6xx484.s:3580   .debug_str:000000000000046a .LASF77
     /tmp/cc6xx484.s:3536   .debug_str:0000000000000345 .LASF78
     /tmp/cc6xx484.s:3504   .debug_str:0000000000000236 .LASF79
     /tmp/cc6xx484.s:3502   .debug_str:0000000000000230 .LASF173
     /tmp/cc6xx484.s:3556   .debug_str:00000000000003dd .LASF80
     /tmp/cc6xx484.s:3474   .debug_str:0000000000000173 .LASF81
     /tmp/cc6xx484.s:3638   .debug_str:000000000000064b .LASF82
     /tmp/cc6xx484.s:3454   .debug_str:00000000000000e1 .LASF83
     /tmp/cc6xx484.s:3586   .debug_str:00000000000004ba .LASF84
GAS LISTING /tmp/cc6xx484.s 			page 21


     /tmp/cc6xx484.s:3476   .debug_str:000000000000017c .LASF86
     /tmp/cc6xx484.s:3750   .debug_str:0000000000000a33 .LASF87
     /tmp/cc6xx484.s:3710   .debug_str:000000000000090b .LASF88
     /tmp/cc6xx484.s:3706   .debug_str:000000000000083f .LASF90
     /tmp/cc6xx484.s:3458   .debug_str:00000000000000f4 .LASF91
     /tmp/cc6xx484.s:3512   .debug_str:0000000000000280 .LASF92
     /tmp/cc6xx484.s:3568   .debug_str:000000000000041e .LASF93
     /tmp/cc6xx484.s:3572   .debug_str:0000000000000431 .LASF94
     /tmp/cc6xx484.s:3494   .debug_str:0000000000000202 .LASF95
     /tmp/cc6xx484.s:3478   .debug_str:0000000000000184 .LASF96
     /tmp/cc6xx484.s:3672   .debug_str:0000000000000746 .LASF98
     /tmp/cc6xx484.s:3682   .debug_str:0000000000000773 .LASF100
     /tmp/cc6xx484.s:3570   .debug_str:0000000000000424 .LASF101
     /tmp/cc6xx484.s:3736   .debug_str:00000000000009d0 .LASF102
     /tmp/cc6xx484.s:3720   .debug_str:000000000000094e .LASF103
     /tmp/cc6xx484.s:3578   .debug_str:0000000000000454 .LASF104
     /tmp/cc6xx484.s:3700   .debug_str:0000000000000811 .LASF105
     /tmp/cc6xx484.s:3694   .debug_str:00000000000007e8 .LASF106
     /tmp/cc6xx484.s:3588   .debug_str:00000000000004c2 .LASF107
     /tmp/cc6xx484.s:3484   .debug_str:00000000000001bf .LASF108
     /tmp/cc6xx484.s:3670   .debug_str:0000000000000741 .LASF109
     /tmp/cc6xx484.s:3432   .debug_str:000000000000002e .LASF110
     /tmp/cc6xx484.s:3774   .debug_str:0000000000000b0d .LASF111
     /tmp/cc6xx484.s:3528   .debug_str:0000000000000305 .LASF112
     /tmp/cc6xx484.s:3544   .debug_str:0000000000000388 .LASF113
     /tmp/cc6xx484.s:3618   .debug_str:0000000000000598 .LASF114
     /tmp/cc6xx484.s:3676   .debug_str:0000000000000757 .LASF115
     /tmp/cc6xx484.s:3658   .debug_str:00000000000006bf .LASF116
     /tmp/cc6xx484.s:3446   .debug_str:00000000000000a0 .LASF117
     /tmp/cc6xx484.s:3664   .debug_str:00000000000006fc .LASF118
     /tmp/cc6xx484.s:3558   .debug_str:00000000000003e6 .LASF119
     /tmp/cc6xx484.s:3500   .debug_str:0000000000000222 .LASF120
     /tmp/cc6xx484.s:3650   .debug_str:0000000000000687 .LASF121
     /tmp/cc6xx484.s:3492   .debug_str:00000000000001fa .LASF122
     /tmp/cc6xx484.s:3620   .debug_str:00000000000005a5 .LASF123
     /tmp/cc6xx484.s:3680   .debug_str:000000000000076d .LASF124
     /tmp/cc6xx484.s:3722   .debug_str:0000000000000959 .LASF125
     /tmp/cc6xx484.s:3606   .debug_str:000000000000054c .LASF126
     /tmp/cc6xx484.s:3776   .debug_str:0000000000000b1a .LASF134
     /tmp/cc6xx484.s:3486   .debug_str:00000000000001d0 .LASF174
     /tmp/cc6xx484.s:3430   .debug_str:0000000000000006 .LASF175
     /tmp/cc6xx484.s:3740   .debug_str:00000000000009fb .LASF148
     /tmp/cc6xx484.s:3438   .debug_str:0000000000000062 .LASF150
     /tmp/cc6xx484.s:3622   .debug_str:00000000000005aa .LASF127
     /tmp/cc6xx484.s:3712   .debug_str:0000000000000910 .LASF128
     /tmp/cc6xx484.s:3550   .debug_str:00000000000003b4 .LASF129
     /tmp/cc6xx484.s:3648   .debug_str:0000000000000682 .LASF130
     /tmp/cc6xx484.s:3522   .debug_str:00000000000002cd .LASF131
     /tmp/cc6xx484.s:3560   .debug_str:00000000000003f2 .LASF132
     /tmp/cc6xx484.s:3764   .debug_str:0000000000000a99 .LASF133
     /tmp/cc6xx484.s:3768   .debug_str:0000000000000acb .LASF176
     /tmp/cc6xx484.s:3540   .debug_str:0000000000000363 .LASF135
     /tmp/cc6xx484.s:3562   .debug_str:0000000000000401 .LASF136
     /tmp/cc6xx484.s:3506   .debug_str:000000000000024e .LASF137
     /tmp/cc6xx484.s:3496   .debug_str:000000000000020b .LASF138
     /tmp/cc6xx484.s:3756   .debug_str:0000000000000a4c .LASF139
     /tmp/cc6xx484.s:3612   .debug_str:000000000000056c .LASF140
GAS LISTING /tmp/cc6xx484.s 			page 22


     /tmp/cc6xx484.s:3472   .debug_str:0000000000000150 .LASF141
     /tmp/cc6xx484.s:3724   .debug_str:0000000000000961 .LASF142
     /tmp/cc6xx484.s:3538   .debug_str:0000000000000350 .LASF143
     /tmp/cc6xx484.s:3464   .debug_str:0000000000000117 .LASF144
     /tmp/cc6xx484.s:3516   .debug_str:00000000000002b7 .LASF145
     /tmp/cc6xx484.s:3530   .debug_str:0000000000000311 .LASF146
     /tmp/cc6xx484.s:3766   .debug_str:0000000000000ab9 .LASF147
     /tmp/cc6xx484.s:3448   .debug_str:00000000000000ab .LASF149
     /tmp/cc6xx484.s:3616   .debug_str:0000000000000580 .LASF151
     /tmp/cc6xx484.s:3518   .debug_str:00000000000002c3 .LASF152
     /tmp/cc6xx484.s:3652   .debug_str:0000000000000692 .LASF153
     /tmp/cc6xx484.s:3574   .debug_str:0000000000000446 .LASF154
     /tmp/cc6xx484.s:3678   .debug_str:0000000000000760 .LASF155
     /tmp/cc6xx484.s:3778   .debug_str:0000000000000b3d .LASF156
     /tmp/cc6xx484.s:3738   .debug_str:00000000000009e9 .LASF157
     /tmp/cc6xx484.s:3450   .debug_str:00000000000000b3 .LASF158
     /tmp/cc6xx484.s:3626   .debug_str:00000000000005c6 .LASF159
     /tmp/cc6xx484.s:497    .text:0000000000000344 .LFB34
     /tmp/cc6xx484.s:536    .text:0000000000000380 .LFE34
     /tmp/cc6xx484.s:510    .text:0000000000000354 .LBB9
     /tmp/cc6xx484.s:519    .text:0000000000000364 .LBE9
     /tmp/cc6xx484.s:3210   .debug_loc:0000000000000000 .LLST10
     /tmp/cc6xx484.s:523    .text:000000000000036c .LVL36
     /tmp/cc6xx484.s:375    .text:000000000000027c .LFB33
     /tmp/cc6xx484.s:397    .text:00000000000002a4 .LFE33
     /tmp/cc6xx484.s:343    .text:0000000000000254 .LFB32
     /tmp/cc6xx484.s:369    .text:000000000000027c .LFE32
     /tmp/cc6xx484.s:3218   .debug_loc:000000000000002b .LLST8
     /tmp/cc6xx484.s:358    .text:000000000000026c .LVL25
     /tmp/cc6xx484.s:188    .text:0000000000000124 .LFB31
     /tmp/cc6xx484.s:220    .text:0000000000000154 .LFE31
     /tmp/cc6xx484.s:3232   .debug_loc:0000000000000064 .LLST2
     /tmp/cc6xx484.s:3608   .debug_str:000000000000055a .LASF160
     /tmp/cc6xx484.s:3252   .debug_loc:00000000000000b3 .LLST3
     /tmp/cc6xx484.s:209    .text:0000000000000144 .LVL13
     /tmp/cc6xx484.s:403    .text:00000000000002a4 .LFB30
     /tmp/cc6xx484.s:491    .text:0000000000000344 .LFE30
     /tmp/cc6xx484.s:3610   .debug_str:0000000000000561 .LASF161
     /tmp/cc6xx484.s:3278   .debug_loc:0000000000000107 .LLST9
     /tmp/cc6xx484.s:430    .text:00000000000002d0 .LBB7
     /tmp/cc6xx484.s:438    .text:00000000000002dc .LBE7
     /tmp/cc6xx484.s:425    .text:00000000000002cc .LVL27
     /tmp/cc6xx484.s:450    .text:00000000000002f8 .LVL28
     /tmp/cc6xx484.s:458    .text:000000000000030c .LVL29
     /tmp/cc6xx484.s:481    .text:0000000000000330 .LVL32
     /tmp/cc6xx484.s:488    .text:0000000000000340 .LVL33
     /tmp/cc6xx484.s:134    .text:00000000000000cc .LFB29
     /tmp/cc6xx484.s:182    .text:0000000000000124 .LFE29
     /tmp/cc6xx484.s:3289   .debug_loc:000000000000013d .LLST0
     /tmp/cc6xx484.s:3598   .debug_str:0000000000000501 .LASF162
     /tmp/cc6xx484.s:3307   .debug_loc:0000000000000189 .LLST1
     /tmp/cc6xx484.s:155    .text:00000000000000f4 .LVL5
     /tmp/cc6xx484.s:161    .text:0000000000000104 .LVL6
     /tmp/cc6xx484.s:165    .text:000000000000010c .LVL7
     /tmp/cc6xx484.s:10     .text:0000000000000000 .LFB28
     /tmp/cc6xx484.s:55     .text:0000000000000054 .LFE28
     /tmp/cc6xx484.s:31     .text:0000000000000028 .LVL0
GAS LISTING /tmp/cc6xx484.s 			page 23


     /tmp/cc6xx484.s:44     .text:0000000000000044 .LVL2
     /tmp/cc6xx484.s:226    .text:0000000000000154 .LFB27
     /tmp/cc6xx484.s:337    .text:0000000000000254 .LFE27
     /tmp/cc6xx484.s:3760   .debug_str:0000000000000a77 .LASF163
     /tmp/cc6xx484.s:3325   .debug_loc:00000000000001d5 .LLST4
     /tmp/cc6xx484.s:3347   .debug_loc:0000000000000234 .LLST5
     /tmp/cc6xx484.s:3369   .debug_loc:0000000000000293 .LLST6
     /tmp/cc6xx484.s:3592   .debug_str:00000000000004dc .LASF164
     /tmp/cc6xx484.s:3391   .debug_loc:00000000000002f2 .LLST7
     /tmp/cc6xx484.s:278    .text:00000000000001d4 .LVL16
     /tmp/cc6xx484.s:293    .text:0000000000000210 .LVL17
     /tmp/cc6xx484.s:302    .text:0000000000000224 .LVL18
     /tmp/cc6xx484.s:3520   .debug_str:00000000000002c8 .LASF165
     /tmp/cc6xx484.s:3584   .debug_str:0000000000000497 .LASF177
     /tmp/cc6xx484.s:61     .text:0000000000000054 .LFB25
     /tmp/cc6xx484.s:126    .text:00000000000000cc .LFE25
     /tmp/cc6xx484.s:3604   .debug_str:0000000000000537 .LASF166
     /tmp/cc6xx484.s:3644   .debug_str:0000000000000667 .LASF168
     /tmp/cc6xx484.s:3688   .debug_str:00000000000007b8 .LASF167
     /tmp/cc6xx484.s:3594   .debug_str:00000000000004e8 .LASF169
     /tmp/cc6xx484.s:509    .text:0000000000000354 .LVL34
     /tmp/cc6xx484.s:517    .text:0000000000000364 .LVL35
     /tmp/cc6xx484.s:346    .text:0000000000000254 .LVL24
     /tmp/cc6xx484.s:191    .text:0000000000000124 .LVL10
     /tmp/cc6xx484.s:203    .text:0000000000000138 .LVL11
     /tmp/cc6xx484.s:207    .text:000000000000013c .LVL12
     /tmp/cc6xx484.s:421    .text:00000000000002c4 .LVL26
     /tmp/cc6xx484.s:470    .text:000000000000031c .LVL30
     /tmp/cc6xx484.s:474    .text:0000000000000324 .LVL31
     /tmp/cc6xx484.s:137    .text:00000000000000cc .LVL4
     /tmp/cc6xx484.s:174    .text:0000000000000118 .LVL8
     /tmp/cc6xx484.s:177    .text:000000000000011c .LVL9
     /tmp/cc6xx484.s:229    .text:0000000000000154 .LVL14
     /tmp/cc6xx484.s:276    .text:00000000000001cc .LVL15
     /tmp/cc6xx484.s:323    .text:0000000000000240 .LVL21
     /tmp/cc6xx484.s:330    .text:000000000000024c .LVL23
     /tmp/cc6xx484.s:315    .text:0000000000000234 .LVL19
     /tmp/cc6xx484.s:326    .text:0000000000000244 .LVL22
     /tmp/cc6xx484.s:318    .text:0000000000000238 .LVL20
     /tmp/cc6xx484.s:565    .debug_info:0000000000000000 .Ldebug_info0

UNDEFINED SYMBOLS
_ZN5RISCV10popSppSpieEv
_Z11thread_exitv
_ZN5RISCV9push_regsEv
_ZN3TCB13contextSwitchEPNS_7ContextES1_
_ZN5RISCV8pop_regsEv
_ZN15MemoryAllocator9mem_allocEm
_ZN9Scheduler3putEP3TCB
_ZN15MemoryAllocator8mem_freeEPv
_ZN9Scheduler3getEv
_Z15thread_dispatchv
